Release 14.7 - xst P.20131013 (nt64)
Copyright (c) 1995-2013 Xilinx, Inc.  All rights reserved.
--> Parameter TMPDIR set to xst/projnav.tmp


Total REAL time to Xst completion: 1.00 secs
Total CPU time to Xst completion: 0.19 secs
 
--> Parameter xsthdpdir set to xst


Total REAL time to Xst completion: 1.00 secs
Total CPU time to Xst completion: 0.19 secs
 
--> Reading design: neopixel_tx.prj

TABLE OF CONTENTS
  1) Synthesis Options Summary
  2) HDL Parsing
  3) HDL Elaboration
  4) HDL Synthesis
       4.1) HDL Synthesis Report
  5) Advanced HDL Synthesis
       5.1) Advanced HDL Synthesis Report
  6) Low Level Synthesis
  7) Partition Report
  8) Design Summary
       8.1) Primitive and Black Box Usage
       8.2) Device utilization summary
       8.3) Partition Resource Summary
       8.4) Timing Report
            8.4.1) Clock Information
            8.4.2) Asynchronous Control Signals Information
            8.4.3) Timing Summary
            8.4.4) Timing Details
            8.4.5) Cross Clock Domains Report


=========================================================================
*                      Synthesis Options Summary                        *
=========================================================================
---- Source Parameters
Input File Name                    : "neopixel_tx.prj"
Ignore Synthesis Constraint File   : NO

---- Target Parameters
Output File Name                   : "neopixel_tx"
Output Format                      : NGC
Target Device                      : xc6slx9-2-tqg144

---- Source Options
Top Module Name                    : neopixel_tx
Automatic FSM Extraction           : YES
FSM Encoding Algorithm             : Auto
Safe Implementation                : No
FSM Style                          : LUT
RAM Extraction                     : Yes
RAM Style                          : Auto
ROM Extraction                     : Yes
Shift Register Extraction          : YES
ROM Style                          : Auto
Resource Sharing                   : YES
Asynchronous To Synchronous        : NO
Shift Register Minimum Size        : 2
Use DSP Block                      : Auto
Automatic Register Balancing       : No

---- Target Options
LUT Combining                      : Auto
Reduce Control Sets                : Auto
Add IO Buffers                     : YES
Global Maximum Fanout              : 100000
Add Generic Clock Buffer(BUFG)     : 16
Register Duplication               : YES
Optimize Instantiated Primitives   : NO
Use Clock Enable                   : Auto
Use Synchronous Set                : Auto
Use Synchronous Reset              : Auto
Pack IO Registers into IOBs        : Auto
Equivalent register Removal        : YES

---- General Options
Optimization Goal                  : Speed
Optimization Effort                : 1
Power Reduction                    : NO
Keep Hierarchy                     : No
Netlist Hierarchy                  : As_Optimized
RTL Output                         : Yes
Global Optimization                : AllClockNets
Read Cores                         : YES
Write Timing Constraints           : NO
Cross Clock Analysis               : NO
Hierarchy Separator                : /
Bus Delimiter                      : <>
Case Specifier                     : Maintain
Slice Utilization Ratio            : 100
BRAM Utilization Ratio             : 100
DSP48 Utilization Ratio            : 100
Auto BRAM Packing                  : NO
Slice Utilization Ratio Delta      : 5

---- Other Options
Cores Search Directories           : {"ipcore_dir"  }

=========================================================================


=========================================================================
*                          HDL Parsing                                  *
=========================================================================
Analyzing Verilog file "C:\fpga_projects\neo_tx\demo\mojo_ise_project\ipcore_dir\clk_wiz_v3_6.v" into library work
Parsing module <clk_wiz_v3_6>.
Analyzing Verilog file "C:\fpga_projects\neo_tx\demo\mojo_ise_project\ipcore_dir\mojo_mb.v" into library work
Parsing module <mojo_mb>.
Analyzing Verilog file "C:\fpga_projects\neo_tx\demo\mojo_ise_project\neopixel_tx_fsm.v" into library work
Parsing module <neopixel_tx_fsm>.
Analyzing Verilog file "C:\fpga_projects\neo_tx\demo\mojo_ise_project\FIFO_WxD.v" into library work
Parsing module <FIFO_WxD>.
Analyzing Verilog file "C:\fpga_projects\neo_tx\demo\mojo_ise_project\neopixel_tx.v" into library work
Parsing module <neopixel_tx>.

=========================================================================
*                            HDL Elaboration                            *
=========================================================================

Elaborating module <neopixel_tx>.

Elaborating module <mojo_mb>.
WARNING:HDLCompiler:1127 - "C:\fpga_projects\neo_tx\demo\mojo_ise_project\neopixel_tx.v" Line 60: Assignment to gpi_int ignored, since the identifier is never used

Elaborating module <clk_wiz_v3_6>.

Elaborating module <DCM_SP(CLKDV_DIVIDE=2.5,CLKFX_DIVIDE=5,CLKFX_MULTIPLY=2,CLKIN_DIVIDE_BY_2="FALSE",CLKIN_PERIOD=20.0,CLKOUT_PHASE_SHIFT="NONE",CLK_FEEDBACK="1X",DESKEW_ADJUST="SYSTEM_SYNCHRONOUS",PHASE_SHIFT=0,STARTUP_WAIT="FALSE")>.
WARNING:HDLCompiler:1127 - "C:\fpga_projects\neo_tx\demo\mojo_ise_project\ipcore_dir\clk_wiz_v3_6.v" Line 124: Assignment to locked_int ignored, since the identifier is never used
WARNING:HDLCompiler:1127 - "C:\fpga_projects\neo_tx\demo\mojo_ise_project\ipcore_dir\clk_wiz_v3_6.v" Line 125: Assignment to status_int ignored, since the identifier is never used

Elaborating module <BUFG>.

Elaborating module <FIFO_WxD(U_FIFO_WIDTH=24,U_FIFO_SQ_DEPTH=10)>.

Elaborating module <FIFO_WxD(U_FIFO_WIDTH=1,U_FIFO_SQ_DEPTH=10)>.

Elaborating module <neopixel_tx_fsm>.

=========================================================================
*                           HDL Synthesis                               *
=========================================================================

Synthesizing Unit <neopixel_tx>.
    Related source file is "C:\fpga_projects\neo_tx\demo\mojo_ise_project\neopixel_tx.v".
INFO:Xst:3210 - "C:\fpga_projects\neo_tx\demo\mojo_ise_project\neopixel_tx.v" line 57: Output port <GPI1_Interrupt> of the instance <mojo_mb> is unconnected or connected to loadless signal.
    Summary:
	no macro.
Unit <neopixel_tx> synthesized.

Synthesizing Unit <clk_wiz_v3_6>.
    Related source file is "C:\fpga_projects\neo_tx\demo\mojo_ise_project\ipcore_dir\clk_wiz_v3_6.v".
    Summary:
	no macro.
Unit <clk_wiz_v3_6> synthesized.

Synthesizing Unit <FIFO_WxD_1>.
    Related source file is "C:\fpga_projects\neo_tx\demo\mojo_ise_project\FIFO_WxD.v".
        U_FIFO_WIDTH = 24
        U_FIFO_SQ_DEPTH = 10
    Found 8x24-bit dual-port RAM <Mram_fifo> for signal <fifo>.
    Found 10-bit register for signal <rd_ptr>.
    Found 10-bit register for signal <wr_ptr>.
    Found 10-bit adder for signal <rd_ptr[9]_GND_6_o_add_4_OUT> created at line 75.
    Found 11-bit adder for signal <_n0034> created at line 81.
    Found 10-bit comparator equal for signal <empty_flg> created at line 80
    Found 11-bit comparator equal for signal <full_flg> created at line 43
    Summary:
	inferred   1 RAM(s).
	inferred   2 Adder/Subtractor(s).
	inferred  20 D-type flip-flop(s).
	inferred   2 Comparator(s).
	inferred   2 Multiplexer(s).
Unit <FIFO_WxD_1> synthesized.

Synthesizing Unit <FIFO_WxD_2>.
    Related source file is "C:\fpga_projects\neo_tx\demo\mojo_ise_project\FIFO_WxD.v".
        U_FIFO_WIDTH = 1
        U_FIFO_SQ_DEPTH = 10
    Found 8x1-bit dual-port RAM <Mram_fifo> for signal <fifo>.
    Found 10-bit register for signal <rd_ptr>.
    Found 10-bit register for signal <wr_ptr>.
    Found 10-bit adder for signal <rd_ptr[9]_GND_7_o_add_4_OUT> created at line 75.
    Found 11-bit adder for signal <_n0033> created at line 81.
    Found 10-bit comparator equal for signal <empty_flg> created at line 80
    Found 11-bit comparator equal for signal <full_flg> created at line 43
    Summary:
	inferred   1 RAM(s).
	inferred   2 Adder/Subtractor(s).
	inferred  20 D-type flip-flop(s).
	inferred   2 Comparator(s).
	inferred   2 Multiplexer(s).
Unit <FIFO_WxD_2> synthesized.

Synthesizing Unit <neopixel_tx_fsm>.
    Related source file is "C:\fpga_projects\neo_tx\demo\mojo_ise_project\neopixel_tx_fsm.v".
        idle = 2'b00
        chk_fifo = 2'b01
        neo_sendRst = 2'b10
        neo_sendRGB = 2'b11
        rst_pulse = 10'b1111111100
        one800 = 10'b0000001100
        zero800 = 10'b0000000101
        pulse800 = 10'b0000010111
        one400 = 10'b0000001100
        zero400 = 10'b0000011010
        pulse400 = 10'b0000110000
    Found 2-bit register for signal <neostate>.
    Found 1-bit register for signal <tx_compSig>.
    Found 1-bit register for signal <neo_dOut>.
    Found 5-bit register for signal <dataCntr>.
    Found 10-bit register for signal <pulseCntr>.
    Found finite state machine <FSM_0> for signal <neostate>.
    -----------------------------------------------------------------------
    | States             | 4                                              |
    | Transitions        | 10                                             |
    | Inputs             | 5                                              |
    | Outputs            | 3                                              |
    | Clock              | clk (rising_edge)                              |
    | Reset              | rst (negative)                                 |
    | Reset type         | asynchronous                                   |
    | Reset State        | 00                                             |
    | Encoding           | auto                                           |
    | Implementation     | LUT                                            |
    -----------------------------------------------------------------------
    Found 5-bit subtractor for signal <dataCntr[4]_GND_8_o_sub_14_OUT> created at line 151.
    Found 10-bit adder for signal <pulseCntr[9]_GND_8_o_add_35_OUT> created at line 199.
    Found 1-bit 24-to-1 multiplexer for signal <GND_8_o_X_8_o_Mux_15_o> created at line 153.
    Found 1-bit 3-to-1 multiplexer for signal <neostate[1]_GND_8_o_MUX_101_o> created at line 146.
    Found 1-bit 3-to-1 multiplexer for signal <GND_8_o_tx_compSig_MUX_100_o> created at line 146.
    Found 10-bit 3-to-1 multiplexer for signal <GND_8_o_pulseCntr[9]_mux_38_OUT> created at line 196.
    Found 10-bit comparator lessequal for signal <n0011> created at line 136
    Found 10-bit comparator equal for signal <pulseCntr[9]_fullPulse[9]_equal_13_o> created at line 150
    Found 10-bit comparator greater for signal <onePulse[9]_pulseCntr[9]_LessThan_17_o> created at line 153
    Found 10-bit comparator greater for signal <pulseCntr[9]_fullPulse[9]_LessThan_18_o> created at line 153
    Found 10-bit comparator greater for signal <zeroPulse[9]_pulseCntr[9]_LessThan_21_o> created at line 154
    Found 10-bit comparator lessequal for signal <n0049> created at line 191
    Found 10-bit comparator lessequal for signal <n0052> created at line 198
    Summary:
	inferred   2 Adder/Subtractor(s).
	inferred  17 D-type flip-flop(s).
	inferred   7 Comparator(s).
	inferred  12 Multiplexer(s).
	inferred   1 Finite State Machine(s).
Unit <neopixel_tx_fsm> synthesized.

=========================================================================
HDL Synthesis Report

Macro Statistics
# RAMs                                                 : 2
 8x1-bit dual-port RAM                                 : 1
 8x24-bit dual-port RAM                                : 1
# Adders/Subtractors                                   : 6
 10-bit adder                                          : 3
 11-bit adder                                          : 2
 5-bit subtractor                                      : 1
# Registers                                            : 8
 1-bit register                                        : 2
 10-bit register                                       : 5
 5-bit register                                        : 1
# Comparators                                          : 11
 10-bit comparator equal                               : 3
 10-bit comparator greater                             : 3
 10-bit comparator lessequal                           : 3
 11-bit comparator equal                               : 2
# Multiplexers                                         : 16
 1-bit 2-to-1 multiplexer                              : 7
 1-bit 24-to-1 multiplexer                             : 1
 1-bit 3-to-1 multiplexer                              : 2
 10-bit 2-to-1 multiplexer                             : 2
 10-bit 3-to-1 multiplexer                             : 1
 24-bit 2-to-1 multiplexer                             : 1
 5-bit 2-to-1 multiplexer                              : 2
# FSMs                                                 : 1

=========================================================================

=========================================================================
*                       Advanced HDL Synthesis                          *
=========================================================================

Reading core <ipcore_dir/mojo_mb.ngc>.
Loading core <mojo_mb> for timing and area information for instance <mojo_mb>.

Synthesizing (advanced) Unit <FIFO_WxD_1>.
The following registers are absorbed into counter <rd_ptr>: 1 register on signal <rd_ptr>.
INFO:Xst:3218 - HDL ADVISOR - The RAM <Mram_fifo> will be implemented on LUTs either because you have described an asynchronous read or because of currently unsupported block RAM features. If you have described an asynchronous read, making it synchronous would allow you to take advantage of available block RAM resources, for optimized device usage and improved timings. Please refer to your documentation for coding guidelines.
    -----------------------------------------------------------------------
    | ram_type           | Distributed                         |          |
    -----------------------------------------------------------------------
    | Port A                                                              |
    |     aspect ratio   | 8-word x 24-bit                     |          |
    |     clkA           | connected to signal <wr_en>         | rise     |
    |     weA            | connected to internal node          | high     |
    |     addrA          | connected to signal <wr_ptr<2:0>>   |          |
    |     diA            | connected to signal <dataIn>        |          |
    -----------------------------------------------------------------------
    | Port B                                                              |
    |     aspect ratio   | 8-word x 24-bit                     |          |
    |     addrB          | connected to signal <rd_ptr<2:0>>   |          |
    |     doB            | connected to internal node          |          |
    -----------------------------------------------------------------------
Unit <FIFO_WxD_1> synthesized (advanced).

Synthesizing (advanced) Unit <FIFO_WxD_2>.
The following registers are absorbed into counter <rd_ptr>: 1 register on signal <rd_ptr>.
INFO:Xst:3218 - HDL ADVISOR - The RAM <Mram_fifo> will be implemented on LUTs either because you have described an asynchronous read or because of currently unsupported block RAM features. If you have described an asynchronous read, making it synchronous would allow you to take advantage of available block RAM resources, for optimized device usage and improved timings. Please refer to your documentation for coding guidelines.
    -----------------------------------------------------------------------
    | ram_type           | Distributed                         |          |
    -----------------------------------------------------------------------
    | Port A                                                              |
    |     aspect ratio   | 8-word x 1-bit                      |          |
    |     clkA           | connected to signal <wr_en>         | rise     |
    |     weA            | connected to internal node          | high     |
    |     addrA          | connected to signal <wr_ptr<2:0>>   |          |
    |     diA            | connected to signal <dataIn>        |          |
    -----------------------------------------------------------------------
    | Port B                                                              |
    |     aspect ratio   | 8-word x 1-bit                      |          |
    |     addrB          | connected to signal <rd_ptr<2:0>>   |          |
    |     doB            | connected to internal node          |          |
    -----------------------------------------------------------------------
Unit <FIFO_WxD_2> synthesized (advanced).

=========================================================================
Advanced HDL Synthesis Report

Macro Statistics
# RAMs                                                 : 2
 8x1-bit dual-port distributed RAM                     : 1
 8x24-bit dual-port distributed RAM                    : 1
# Adders/Subtractors                                   : 4
 10-bit adder                                          : 1
 11-bit adder                                          : 2
 5-bit subtractor                                      : 1
# Counters                                             : 2
 10-bit up counter                                     : 2
# Registers                                            : 37
 Flip-Flops                                            : 37
# Comparators                                          : 11
 10-bit comparator equal                               : 3
 10-bit comparator greater                             : 3
 10-bit comparator lessequal                           : 3
 11-bit comparator equal                               : 2
# Multiplexers                                         : 15
 1-bit 2-to-1 multiplexer                              : 6
 1-bit 24-to-1 multiplexer                             : 1
 1-bit 3-to-1 multiplexer                              : 2
 10-bit 2-to-1 multiplexer                             : 2
 10-bit 3-to-1 multiplexer                             : 1
 24-bit 2-to-1 multiplexer                             : 1
 5-bit 2-to-1 multiplexer                              : 2
# FSMs                                                 : 1

=========================================================================

=========================================================================
*                         Low Level Synthesis                           *
=========================================================================
Analyzing FSM <MFsm> for best encoding.
Optimizing FSM <neo_tx/FSM_0> on signal <neostate[1:2]> with user encoding.
-------------------
 State | Encoding
-------------------
 00    | 00
 01    | 01
 10    | 10
 11    | 11
-------------------

Optimizing unit <neopixel_tx> ...

Optimizing unit <FIFO_WxD_1> ...

Optimizing unit <neopixel_tx_fsm> ...

Optimizing unit <FIFO_WxD_2> ...

Mapping all equations...
Building and optimizing final netlist ...
Found area constraint ratio of 100 (+ 5) on block neopixel_tx, actual ratio is 11.
INFO:Xst:2260 - The FF/Latch <U0/iomodule_0/IOModule_Core_I1/intr_ctrl_I1/cipr_rd_dff_all[31].fdr_i> in Unit <mojo_mb> is equivalent to the following 31 FFs/Latches : <U0/iomodule_0/IOModule_Core_I1/intr_ctrl_I1/cipr_rd_dff_all[30].fdr_i> <U0/iomodule_0/IOModule_Core_I1/intr_ctrl_I1/cipr_rd_dff_all[29].fdr_i> <U0/iomodule_0/IOModule_Core_I1/intr_ctrl_I1/cipr_rd_dff_all[28].fdr_i> <U0/iomodule_0/IOModule_Core_I1/intr_ctrl_I1/cipr_rd_dff_all[27].fdr_i> <U0/iomodule_0/IOModule_Core_I1/intr_ctrl_I1/cipr_rd_dff_all[26].fdr_i> <U0/iomodule_0/IOModule_Core_I1/intr_ctrl_I1/cipr_rd_dff_all[25].fdr_i> <U0/iomodule_0/IOModule_Core_I1/intr_ctrl_I1/cipr_rd_dff_all[24].fdr_i> <U0/iomodule_0/IOModule_Core_I1/intr_ctrl_I1/cipr_rd_dff_all[23].fdr_i> <U0/iomodule_0/IOModule_Core_I1/intr_ctrl_I1/cipr_rd_dff_all[22].fdr_i> <U0/iomodule_0/IOModule_Core_I1/intr_ctrl_I1/cipr_rd_dff_all[21].fdr_i> <U0/iomodule_0/IOModule_Core_I1/intr_ctrl_I1/cipr_rd_dff_all[20].fdr_i>
   <U0/iomodule_0/IOModule_Core_I1/intr_ctrl_I1/cipr_rd_dff_all[19].fdr_i> <U0/iomodule_0/IOModule_Core_I1/intr_ctrl_I1/cipr_rd_dff_all[18].fdr_i> <U0/iomodule_0/IOModule_Core_I1/intr_ctrl_I1/cipr_rd_dff_all[17].fdr_i> <U0/iomodule_0/IOModule_Core_I1/intr_ctrl_I1/cipr_rd_dff_all[16].fdr_i> <U0/iomodule_0/IOModule_Core_I1/intr_ctrl_I1/cipr_rd_dff_all[15].fdr_i> <U0/iomodule_0/IOModule_Core_I1/intr_ctrl_I1/cipr_rd_dff_all[14].fdr_i> <U0/iomodule_0/IOModule_Core_I1/intr_ctrl_I1/cipr_rd_dff_all[13].fdr_i> <U0/iomodule_0/IOModule_Core_I1/intr_ctrl_I1/cipr_rd_dff_all[12].fdr_i> <U0/iomodule_0/IOModule_Core_I1/intr_ctrl_I1/cipr_rd_dff_all[11].fdr_i> <U0/iomodule_0/IOModule_Core_I1/intr_ctrl_I1/cipr_rd_dff_all[10].fdr_i> <U0/iomodule_0/IOModule_Core_I1/intr_ctrl_I1/cipr_rd_dff_all[9].fdr_i> <U0/iomodule_0/IOModule_Core_I1/intr_ctrl_I1/cipr_rd_dff_all[8].fdr_i> <U0/iomodule_0/IOModule_Core_I1/intr_ctrl_I1/cipr_rd_dff_all[7].fdr_i> <U0/iomodule_0/IOModule_Core_I1/intr_ctrl_I1/cipr_rd_dff_all[6].fdr_i>
   <U0/iomodule_0/IOModule_Core_I1/intr_ctrl_I1/cipr_rd_dff_all[5].fdr_i> <U0/iomodule_0/IOModule_Core_I1/intr_ctrl_I1/cipr_rd_dff_all[4].fdr_i> <U0/iomodule_0/IOModule_Core_I1/intr_ctrl_I1/cipr_rd_dff_all[3].fdr_i> <U0/iomodule_0/IOModule_Core_I1/intr_ctrl_I1/cipr_rd_dff_all[2].fdr_i> <U0/iomodule_0/IOModule_Core_I1/intr_ctrl_I1/cipr_rd_dff_all[1].fdr_i> <U0/iomodule_0/IOModule_Core_I1/intr_ctrl_I1/cipr_rd_dff_all[0].fdr_i> 
INFO:Xst:2260 - The FF/Latch <U0/ilmb/POR_FF_I> in Unit <mojo_mb> is equivalent to the following FF/Latch : <U0/dlmb/POR_FF_I> 
INFO:Xst:2260 - The FF/Latch <U0/iomodule_0/IOModule_Core_I1/intr_ctrl_I1/cipr_rd_dff_all[31].fdr_i> in Unit <mojo_mb> is equivalent to the following 31 FFs/Latches : <U0/iomodule_0/IOModule_Core_I1/intr_ctrl_I1/cipr_rd_dff_all[30].fdr_i> <U0/iomodule_0/IOModule_Core_I1/intr_ctrl_I1/cipr_rd_dff_all[29].fdr_i> <U0/iomodule_0/IOModule_Core_I1/intr_ctrl_I1/cipr_rd_dff_all[28].fdr_i> <U0/iomodule_0/IOModule_Core_I1/intr_ctrl_I1/cipr_rd_dff_all[27].fdr_i> <U0/iomodule_0/IOModule_Core_I1/intr_ctrl_I1/cipr_rd_dff_all[26].fdr_i> <U0/iomodule_0/IOModule_Core_I1/intr_ctrl_I1/cipr_rd_dff_all[25].fdr_i> <U0/iomodule_0/IOModule_Core_I1/intr_ctrl_I1/cipr_rd_dff_all[24].fdr_i> <U0/iomodule_0/IOModule_Core_I1/intr_ctrl_I1/cipr_rd_dff_all[23].fdr_i> <U0/iomodule_0/IOModule_Core_I1/intr_ctrl_I1/cipr_rd_dff_all[22].fdr_i> <U0/iomodule_0/IOModule_Core_I1/intr_ctrl_I1/cipr_rd_dff_all[21].fdr_i> <U0/iomodule_0/IOModule_Core_I1/intr_ctrl_I1/cipr_rd_dff_all[20].fdr_i>
   <U0/iomodule_0/IOModule_Core_I1/intr_ctrl_I1/cipr_rd_dff_all[19].fdr_i> <U0/iomodule_0/IOModule_Core_I1/intr_ctrl_I1/cipr_rd_dff_all[18].fdr_i> <U0/iomodule_0/IOModule_Core_I1/intr_ctrl_I1/cipr_rd_dff_all[17].fdr_i> <U0/iomodule_0/IOModule_Core_I1/intr_ctrl_I1/cipr_rd_dff_all[16].fdr_i> <U0/iomodule_0/IOModule_Core_I1/intr_ctrl_I1/cipr_rd_dff_all[15].fdr_i> <U0/iomodule_0/IOModule_Core_I1/intr_ctrl_I1/cipr_rd_dff_all[14].fdr_i> <U0/iomodule_0/IOModule_Core_I1/intr_ctrl_I1/cipr_rd_dff_all[13].fdr_i> <U0/iomodule_0/IOModule_Core_I1/intr_ctrl_I1/cipr_rd_dff_all[12].fdr_i> <U0/iomodule_0/IOModule_Core_I1/intr_ctrl_I1/cipr_rd_dff_all[11].fdr_i> <U0/iomodule_0/IOModule_Core_I1/intr_ctrl_I1/cipr_rd_dff_all[10].fdr_i> <U0/iomodule_0/IOModule_Core_I1/intr_ctrl_I1/cipr_rd_dff_all[9].fdr_i> <U0/iomodule_0/IOModule_Core_I1/intr_ctrl_I1/cipr_rd_dff_all[8].fdr_i> <U0/iomodule_0/IOModule_Core_I1/intr_ctrl_I1/cipr_rd_dff_all[7].fdr_i> <U0/iomodule_0/IOModule_Core_I1/intr_ctrl_I1/cipr_rd_dff_all[6].fdr_i>
   <U0/iomodule_0/IOModule_Core_I1/intr_ctrl_I1/cipr_rd_dff_all[5].fdr_i> <U0/iomodule_0/IOModule_Core_I1/intr_ctrl_I1/cipr_rd_dff_all[4].fdr_i> <U0/iomodule_0/IOModule_Core_I1/intr_ctrl_I1/cipr_rd_dff_all[3].fdr_i> <U0/iomodule_0/IOModule_Core_I1/intr_ctrl_I1/cipr_rd_dff_all[2].fdr_i> <U0/iomodule_0/IOModule_Core_I1/intr_ctrl_I1/cipr_rd_dff_all[1].fdr_i> <U0/iomodule_0/IOModule_Core_I1/intr_ctrl_I1/cipr_rd_dff_all[0].fdr_i> 
INFO:Xst:2260 - The FF/Latch <U0/ilmb/POR_FF_I> in Unit <mojo_mb> is equivalent to the following FF/Latch : <U0/dlmb/POR_FF_I> 
WARNING:Xst:2957 - There are clock and non-clock loads on clock signal mojo_mb/U0/iomodule_0/IOModule_Core_I1/GPO_I1/gpo_io_i<3>_BUFG. This is not a recommended design practice, that may cause excessive delay, skew or unroutable situations.

Final Macro Processing ...

=========================================================================
Final Register Report

Macro Statistics
# Registers                                            : 59
 Flip-Flops                                            : 59

=========================================================================

=========================================================================
*                           Partition Report                            *
=========================================================================

Partition Implementation Status
-------------------------------

  No Partitions were found in this design.

-------------------------------

=========================================================================
*                            Design Summary                             *
=========================================================================

Top Level Output File Name         : neopixel_tx.ngc

Primitive and Black Box Usage:
------------------------------
# BELS                             : 889
#      GND                         : 2
#      INV                         : 11
#      LUT1                        : 21
#      LUT2                        : 63
#      LUT3                        : 53
#      LUT4                        : 196
#      LUT5                        : 64
#      LUT6                        : 159
#      LUT6_2                      : 90
#      MULT_AND                    : 3
#      MUXCY                       : 18
#      MUXCY_L                     : 72
#      MUXF5                       : 64
#      MUXF7                       : 4
#      VCC                         : 2
#      XORCY                       : 67
# FlipFlops/Latches                : 410
#      FD                          : 102
#      FDC                         : 14
#      FDCE                        : 28
#      FDE                         : 77
#      FDR                         : 49
#      FDRE                        : 121
#      FDS                         : 6
#      FDSE                        : 13
# RAMS                             : 77
#      RAM16X1D                    : 1
#      RAM32M                      : 4
#      RAM32X1D                    : 64
#      RAMB16BWER                  : 8
# Shift Registers                  : 44
#      SRL16E                      : 44
# Clock Buffers                    : 5
#      BUFG                        : 5
# IO Buffers                       : 8
#      IBUF                        : 1
#      IBUFG                       : 1
#      OBUF                        : 6
# DCMs                             : 1
#      DCM_SP                      : 1

Device utilization summary:
---------------------------

Selected Device : 6slx9tqg144-2 


Slice Logic Utilization: 
 Number of Slice Registers:             410  out of  11440     3%  
 Number of Slice LUTs:                  847  out of   5720    14%  
    Number used as Logic:               657  out of   5720    11%  
    Number used as Memory:              190  out of   1440    13%  
       Number used as RAM:              146
       Number used as SRL:               44

Slice Logic Distribution: 
 Number of LUT Flip Flop pairs used:   1007
   Number with an unused Flip Flop:     597  out of   1007    59%  
   Number with an unused LUT:           160  out of   1007    15%  
   Number of fully used LUT-FF pairs:   250  out of   1007    24%  
   Number of unique control sets:        30

IO Utilization: 
 Number of IOs:                           8
 Number of bonded IOBs:                   8  out of    102     7%  

Specific Feature Utilization:
 Number of Block RAM/FIFO:                8  out of     32    25%  
    Number using Block RAM only:          8
 Number of BUFG/BUFGCTRLs:                5  out of     16    31%  

---------------------------
Partition Resource Summary:
---------------------------

  No Partitions were found in this design.

---------------------------


=========================================================================
Timing Report

NOTE: THESE TIMING NUMBERS ARE ONLY A SYNTHESIS ESTIMATE.
      FOR ACCURATE TIMING INFORMATION PLEASE REFER TO THE TRACE REPORT
      GENERATED AFTER PLACE-and-ROUTE.

Clock Information:
------------------
---------------------------------------------------------+------------------------+-------+
Clock Signal                                             | Clock buffer(FF name)  | Load  |
---------------------------------------------------------+------------------------+-------+
neo_tx/tx_compSig                                        | BUFG                   | 20    |
mojo_mb/U0/iomodule_0/IOModule_Core_I1/GPO_I1/gpo_io_i<3>| BUFG                   | 25    |
clk                                                      | DCM_SP:CLKFX           | 19    |
clk                                                      | IBUFG+BUFG             | 467   |
---------------------------------------------------------+------------------------+-------+

Asynchronous Control Signals Information:
----------------------------------------
No asynchronous control signals found in this design

Timing Summary:
---------------
Speed Grade: -2

   Minimum period: 8.072ns (Maximum Frequency: 123.887MHz)
   Minimum input arrival time before clock: 3.019ns
   Maximum output required time after clock: 4.312ns
   Maximum combinational path delay: No path found

Timing Details:
---------------
All values displayed in nanoseconds (ns)

=========================================================================
Timing constraint: Default period analysis for Clock 'neo_tx/tx_compSig'
  Clock period: 6.071ns (frequency: 164.718MHz)
  Total number of paths / destination ports: 310 / 40
-------------------------------------------------------------------------
Delay:               6.071ns (Levels of Logic = 3)
  Source:            neo_rgbFIFO/rd_ptr_0 (FF)
  Destination:       neo_rgbFIFO/rd_ptr_9 (FF)
  Source Clock:      neo_tx/tx_compSig rising
  Destination Clock: neo_tx/tx_compSig rising

  Data Path: neo_rgbFIFO/rd_ptr_0 to neo_rgbFIFO/rd_ptr_9
                                Gate     Net
    Cell:in->out      fanout   Delay   Delay  Logical Name (Net Name)
    ----------------------------------------  ------------
     FDCE:C->Q            16   0.525   1.612  neo_rgbFIFO/rd_ptr_0 (neo_rgbFIFO/rd_ptr_0)
     LUT6:I1->O            1   0.254   1.137  neo_rgbFIFO/empty_flg101 (neo_rgbFIFO/empty_flg101)
     LUT6:I0->O            2   0.254   0.726  neo_rgbFIFO/empty_flg103_SW0 (N87)
     LUT6:I5->O           10   0.254   1.007  neo_rgbFIFO/empty_flg_inv1 (neo_rgbFIFO/empty_flg_inv)
     FDCE:CE                   0.302          neo_rgbFIFO/rd_ptr_0
    ----------------------------------------
    Total                      6.071ns (1.589ns logic, 4.482ns route)
                                       (26.2% logic, 73.8% route)

=========================================================================
Timing constraint: Default period analysis for Clock 'mojo_mb/U0/iomodule_0/IOModule_Core_I1/GPO_I1/gpo_io_i<3>'
  Clock period: 7.576ns (frequency: 131.996MHz)
  Total number of paths / destination ports: 1715 / 48
-------------------------------------------------------------------------
Delay:               7.576ns (Levels of Logic = 5)
  Source:            neo_rgbFIFO/wr_ptr_4 (FF)
  Destination:       neo_rgbFIFO/Mram_fifo4 (RAM)
  Source Clock:      mojo_mb/U0/iomodule_0/IOModule_Core_I1/GPO_I1/gpo_io_i<3> rising
  Destination Clock: mojo_mb/U0/iomodule_0/IOModule_Core_I1/GPO_I1/gpo_io_i<3> rising

  Data Path: neo_rgbFIFO/wr_ptr_4 to neo_rgbFIFO/Mram_fifo4
                                Gate     Net
    Cell:in->out      fanout   Delay   Delay  Logical Name (Net Name)
    ----------------------------------------  ------------
     FDCE:C->Q             7   0.525   1.340  neo_rgbFIFO/wr_ptr_4 (neo_rgbFIFO/wr_ptr_4)
     LUT6:I1->O            4   0.254   0.804  neo_rgbFIFO/Madd__n0034_xor<6>111 (neo_rgbFIFO/Madd__n0034_xor<6>11)
     LUT3:I2->O            2   0.254   0.954  neo_rgbFIFO/Madd__n0034_xor<7>11 (neo_rgbFIFO/_n0034<3>)
     LUT6:I3->O            4   0.235   0.804  neo_rgbFIFO/full_flg112 (neo_rgbFIFO/full_flg112)
     LUT6:I5->O            2   0.254   0.726  neo_rgbFIFO/full_flg114 (rgb_full_flg)
     LUT2:I1->O            4   0.254   0.803  neo_rgbFIFO/Mmux_BUS_000111 (neo_rgbFIFO/BUS_0001)
     RAM32M:WE                 0.369          neo_rgbFIFO/Mram_fifo2
    ----------------------------------------
    Total                      7.576ns (2.145ns logic, 5.431ns route)
                                       (28.3% logic, 71.7% route)

=========================================================================
Timing constraint: Default period analysis for Clock 'clk'
  Clock period: 8.072ns (frequency: 123.887MHz)
  Total number of paths / destination ports: 88806 / 1992
-------------------------------------------------------------------------
Delay:               8.072ns (Levels of Logic = 5)
  Source:            mojo_mb/U0/microblaze_I/MicroBlaze_Core_I/Area.Decode_I/PreFetch_Buffer_I/Using_FPGA.Buffer_DFFs[1].FDS_I (FF)
  Destination:       mojo_mb/U0/microblaze_I/MicroBlaze_Core_I/Area.Data_Flow_I/Operand_Select_I/Using_FPGA.OpSelect_Bits[15].Operand_Select_Bit_I/Op2_DFF (FF)
  Source Clock:      clk rising
  Destination Clock: clk rising

  Data Path: mojo_mb/U0/microblaze_I/MicroBlaze_Core_I/Area.Decode_I/PreFetch_Buffer_I/Using_FPGA.Buffer_DFFs[1].FDS_I to mojo_mb/U0/microblaze_I/MicroBlaze_Core_I/Area.Data_Flow_I/Operand_Select_I/Using_FPGA.OpSelect_Bits[15].Operand_Select_Bit_I/Op2_DFF
                                Gate     Net
    Cell:in->out      fanout   Delay   Delay  Logical Name (Net Name)
    ----------------------------------------  ------------
     FDS:C->Q             47   0.525   1.770  U0/microblaze_I/MicroBlaze_Core_I/Area.Decode_I/PreFetch_Buffer_I/Using_FPGA.Buffer_DFFs[1].FDS_I (U0/microblaze_I/MicroBlaze_Core_I/Area.buffer_Addr<1>)
     SRL16E:A2->Q         21   0.254   1.418  U0/microblaze_I/MicroBlaze_Core_I/Area.Decode_I/PreFetch_Buffer_I/Using_FPGA.PreFetch_Buffers[1].SRL16E_I/Use_unisim.MB_SRL16E_I1 (U0/microblaze_I/MicroBlaze_Core_I/Area.Decode_I/instr_OF<1>)
     LUT3:I1->O           16   0.250   1.182  U0/microblaze_I/MicroBlaze_Core_I/Area.Decode_I/PWR_12_o_instr_OF[0]_equal_114_o<0>11 (U0/microblaze_I/MicroBlaze_Core_I/Area.Decode_I/PWR_12_o_instr_OF[0]_equal_114_o<0>1)
     LUT5:I4->O            1   0.254   0.682  U0/microblaze_I/MicroBlaze_Core_I/Area.Decode_I/PWR_12_o_take_Intr_Now_Early_AND_179_o1_1 (U0/microblaze_I/MicroBlaze_Core_I/Area.Decode_I/PWR_12_o_take_Intr_Now_Early_AND_179_o1)
     LUT3:I2->O           15   0.254   1.155  U0/microblaze_I/MicroBlaze_Core_I/Area.Data_Flow_I/Operand_Select_I/Using_FPGA.OpSelect_Bits[10].Operand_Select_Bit_I/Mmux_op2_I111 (U0/microblaze_I/MicroBlaze_Core_I/Area.Data_Flow_I/Operand_Select_I/Using_FPGA.OpSelect_Bits[10].Operand_Select_Bit_I/Mmux_op2_I11)
     LUT6:I5->O            1   0.254   0.000  U0/microblaze_I/MicroBlaze_Core_I/Area.Data_Flow_I/Operand_Select_I/Using_FPGA.OpSelect_Bits[9].Operand_Select_Bit_I/Mmux_op2_I1 (U0/microblaze_I/MicroBlaze_Core_I/Area.Data_Flow_I/Operand_Select_I/Using_FPGA.OpSelect_Bits[9].Operand_Select_Bit_I/op2_I)
     FDE:D                     0.074          U0/microblaze_I/MicroBlaze_Core_I/Area.Data_Flow_I/Operand_Select_I/Using_FPGA.OpSelect_Bits[9].Operand_Select_Bit_I/Op2_DFF
    ----------------------------------------
    Total                      8.072ns (1.865ns logic, 6.207ns route)
                                       (23.1% logic, 76.9% route)

=========================================================================
Timing constraint: Default OFFSET IN BEFORE for Clock 'clk'
  Total number of paths / destination ports: 1 / 1
-------------------------------------------------------------------------
Offset:              3.019ns (Levels of Logic = 3)
  Source:            sys_rst (PAD)
  Destination:       mojo_mb/U0/filter_reset.reset_vec_0 (FF)
  Destination Clock: clk rising

  Data Path: sys_rst to mojo_mb/U0/filter_reset.reset_vec_0
                                Gate     Net
    Cell:in->out      fanout   Delay   Delay  Logical Name (Net Name)
    ----------------------------------------  ------------
     IBUF:I->O             1   1.328   0.681  sys_rst_IBUF (sys_rst_IBUF)
     INV:I->O              1   0.255   0.681  sys_rst_INV_1_o1_INV_0 (sys_rst_INV_1_o)
     begin scope: 'mojo_mb:Reset'
     FD:D                      0.074          U0/filter_reset.reset_vec_0
    ----------------------------------------
    Total                      3.019ns (1.657ns logic, 1.362ns route)
                                       (54.9% logic, 45.1% route)

=========================================================================
Timing constraint: Default OFFSET OUT AFTER for Clock 'clk'
  Total number of paths / destination ports: 5 / 5
-------------------------------------------------------------------------
Offset:              4.312ns (Levels of Logic = 2)
  Source:            mojo_mb/U0/iomodule_0/IOModule_Core_I1/GPO_I1/gpo_io_i_1 (FF)
  Destination:       ctrlLed<1> (PAD)
  Source Clock:      clk rising

  Data Path: mojo_mb/U0/iomodule_0/IOModule_Core_I1/GPO_I1/gpo_io_i_1 to ctrlLed<1>
                                Gate     Net
    Cell:in->out      fanout   Delay   Delay  Logical Name (Net Name)
    ----------------------------------------  ------------
     FDRE:C->Q             6   0.525   0.875  U0/iomodule_0/IOModule_Core_I1/GPO_I1/gpo_io_i_1 (GPO1<1>)
     end scope: 'mojo_mb:GPO1<1>'
     OBUF:I->O                 2.912          ctrlLed_1_OBUF (ctrlLed<1>)
    ----------------------------------------
    Total                      4.312ns (3.437ns logic, 0.875ns route)
                                       (79.7% logic, 20.3% route)

=========================================================================

Cross Clock Domains Report:
--------------------------

Clock to Setup on destination clock clk
---------------------------------------------------------+---------+---------+---------+---------+
                                                         | Src:Rise| Src:Fall| Src:Rise| Src:Fall|
Source Clock                                             |Dest:Rise|Dest:Rise|Dest:Fall|Dest:Fall|
---------------------------------------------------------+---------+---------+---------+---------+
clk                                                      |    8.989|         |         |         |
mojo_mb/U0/iomodule_0/IOModule_Core_I1/GPO_I1/gpo_io_i<3>|   12.677|         |         |         |
neo_tx/tx_compSig                                        |   12.707|         |         |         |
---------------------------------------------------------+---------+---------+---------+---------+

Clock to Setup on destination clock mojo_mb/U0/iomodule_0/IOModule_Core_I1/GPO_I1/gpo_io_i<3>
---------------------------------------------------------+---------+---------+---------+---------+
                                                         | Src:Rise| Src:Fall| Src:Rise| Src:Fall|
Source Clock                                             |Dest:Rise|Dest:Rise|Dest:Fall|Dest:Fall|
---------------------------------------------------------+---------+---------+---------+---------+
clk                                                      |    3.728|         |         |         |
mojo_mb/U0/iomodule_0/IOModule_Core_I1/GPO_I1/gpo_io_i<3>|    7.576|         |         |         |
neo_tx/tx_compSig                                        |    8.390|         |         |         |
---------------------------------------------------------+---------+---------+---------+---------+

Clock to Setup on destination clock neo_tx/tx_compSig
---------------------------------------------------------+---------+---------+---------+---------+
                                                         | Src:Rise| Src:Fall| Src:Rise| Src:Fall|
Source Clock                                             |Dest:Rise|Dest:Rise|Dest:Fall|Dest:Fall|
---------------------------------------------------------+---------+---------+---------+---------+
clk                                                      |    3.728|         |         |         |
mojo_mb/U0/iomodule_0/IOModule_Core_I1/GPO_I1/gpo_io_i<3>|    6.041|         |         |         |
neo_tx/tx_compSig                                        |    6.071|         |         |         |
---------------------------------------------------------+---------+---------+---------+---------+

=========================================================================


Total REAL time to Xst completion: 16.00 secs
Total CPU time to Xst completion: 15.47 secs
 
--> 

Total memory usage is 242224 kilobytes

Number of errors   :    0 (   0 filtered)
Number of warnings :    4 (   0 filtered)
Number of infos    :    7 (   0 filtered)

